Arguments: 
  C:\Users\13217\AppData\Roaming\npm\node_modules\node\bin\node.exe D:\Program Files (x86)\nodejs\node_global\node_modules\yarn\bin\yarn.js add --dev grunt-babel@ @babel-core babel-preset-env

PATH: 
  C:\Users\13217\AppData\Roaming\npm;C:\Program Files\nodejs\;C:\Program Files\Microsoft MPI\Bin\;D:\Xmanager 6\;C:\ProgramData\Oracle\Java\javapath;C:\Program Files (x86)\Common Files\Oracle\Java\javapath;C:\Program Files\Java\jdk1.8.0_161\bin;C:\ProgramData\Oracle\Java\javapath\;C:\Program Files (x86)\Intel\iCLS Client\;C:\Program Files\Intel\iCLS Client\;C:\Windows\system32;C:\Windows;C:\Windows\System32\Wbem;C:\Windows\System32\WindowsPowerShell\v1.0\;C:\Program Files (x86)\Intel\Intel(R) Management Engine Components\DAL;C:\Program Files\Intel\Intel(R) Management Engine Components\DAL;C:\Program Files (x86)\Intel\Intel(R) Management Engine Components\IPT;C:\Program Files\Intel\Intel(R) Management Engine Components\IPT;C:\Program Files (x86)\NVIDIA Corporation\PhysX\Common;C:\Program Files\Intel\WiFi\bin\;C:\Program Files\Common Files\Intel\WirelessCommon\;C:\WINDOWS\system32;C:\WINDOWS;C:\WINDOWS\System32\Wbem;C:\WINDOWS\System32\WindowsPowerShell\v1.0\;D:\Git\cmd;C:\Program Files (x86)\Microsoft SQL Server\100\Tools\Binn\;C:\Program Files\Microsoft SQL Server\100\Tools\Binn\;C:\Program Files\Microsoft SQL Server\100\DTS\Binn\;C:\Program Files (x86)\Microsoft SQL Server\100\Tools\Binn\VSShell\Common7\IDE\;C:\Program Files (x86)\Microsoft Visual Studio 9.0\Common7\IDE\PrivateAssemblies\;C:\Program Files (x86)\Microsoft SQL Server\100\DTS\Binn\;C:\Program Files\Microsoft\Web Platform Installer\;C:\Program Files (x86)\Microsoft ASP.NET\ASP.NET Web Pages\v1.0\;C:\Program Files\Microsoft SQL Server\110\Tools\Binn\;C:\WINDOWS\System32\OpenSSH\;C:\MATLAB\runtime\win64;C:\MATLAB\bin;C:\MATLAB\polyspace\bin;C:\Program Files\nodejs\;C:\Program Files\Java\jdk1.8.0_161\bin;C:\Users\13217\Desktop\hybrid-app\java\android-sdk-windows\platform-tools;C:\Users\13217\Desktop\hybrid-app\java\android-sdk-windows\tools;D:\Gradle\gradle-4.7\bin\;D:\Gradle\gradle-4.7\bin\;C:\Users\13217\AppData\Local\Google\Chrome\Application\chrome.exe;D:\Program Files (x86)\nodejs\node_global;C:\Users\13217\AppData\Local\Programs\Python\Python36\Scripts\;C:\Users\13217\AppData\Local\Programs\Python\Python36\;C:\Users\13217\AppData\Local\Microsoft\WindowsApps;D:\Microsoft VS Code\bin;C:\Users\13217\AppData\Roaming\npm;D:\Fiddler;C:\Users\13217\AppData\Local\GitHubDesktop\bin;D:\PyCharm Community Edition 2018.3.3\bin;C:\Users\13217\Desktop\this\Chrome\Application\chrome.exe;C:\Users\13217\Desktop\this\Chrome\Application\

Yarn version: 
  1.15.2

Node version: 
  10.12.0

Platform: 
  win32 x64

Trace: 
  Error: https://registry.npm.taobao.org/@babel-core: Request "https://registry.npm.taobao.org/@babel-core" returned a 405
      at Request.params.callback [as _callback] (D:\Program Files (x86)\nodejs\node_global\node_modules\yarn\lib\cli.js:66067:18)
      at Request.self.callback (D:\Program Files (x86)\nodejs\node_global\node_modules\yarn\lib\cli.js:129541:22)
      at Request.emit (events.js:182:13)
      at Request.<anonymous> (D:\Program Files (x86)\nodejs\node_global\node_modules\yarn\lib\cli.js:130513:10)
      at Request.emit (events.js:182:13)
      at IncomingMessage.<anonymous> (D:\Program Files (x86)\nodejs\node_global\node_modules\yarn\lib\cli.js:130435:12)
      at Object.onceWrapper (events.js:273:13)
      at IncomingMessage.emit (events.js:187:15)
      at endReadableNT (_stream_readable.js:1094:12)
      at process._tickCallback (internal/process/next_tick.js:63:19)

npm manifest: 
  {
    "name": "spa-demo",
    "version": "1.0.0",
    "description": "",
    "main": "index.js",
    "scripts": {
      "test": "echo \"Error: no test specified\" && exit 0"
    },
    "author": "",
    "license": "ISC",
    "devDependencies": {
      "grunt-babel": "^7.0.0",
      "grunt-contrib-csslint": "^2.0.0",
      "grunt-contrib-cssmin": "^3.0.0",
      "grunt-contrib-htmlmin": "^3.1.0",
      "grunt-contrib-uglify": "^4.0.1",
      "grunt-eslint": "^21.0.0",
      "grunt-htmlhint": "^0.9.13",
      "load-grunt-tasks": "^4.0.0"
    },
    "dependencies": {
      "babel-core": "^6.26.3",
      "grunt": "^1.0.4",
      "yarn": "^1.15.2"
    }
  }

yarn manifest: 
  No manifest

Lockfile: 
  No lockfile
